<?xml version="1.0" encoding="UTF-8"?>
<!-- Generated by org.testng.reporters.JUnitXMLReporter -->
<testsuite hostname="admins-MacBook-Pro.local" ignored="0" name="Footer URL Test" tests="19" failures="0" timestamp="11 Mar 2020 16:32:42 GMT" time="0.034" errors="0">
  <testcase name="@BeforeClass TestSetup" time="0.001" classname="com.shine.tests.Test_FooterURL">
    <failure type="java.lang.NoClassDefFoundError" message="com/shine/listener/Transformer">
      <![CDATA[java.lang.NoClassDefFoundError: com/shine/listener/Transformer
at com.shine.tests.Test_FooterURL.TestSetup(Test_FooterURL.java:34)
Caused by: java.lang.ClassNotFoundException: com.shine.listener.Transformer
at java.net.URLClassLoader.findClass(URLClassLoader.java:382)
at java.lang.ClassLoader.loadClass(ClassLoader.java:424)
at sun.misc.Launcher$AppClassLoader.loadClass(Launcher.java:349)
at java.lang.ClassLoader.loadClass(ClassLoader.java:357)
... 32 more
... Removed 31 stack frames]]>
    </failure>
  </testcase> <!-- @BeforeClass TestSetup -->
  <testcase name="verify_footer_url" time="0.0" classname="com.shine.tests.Test_FooterURL">
    <skipped/>
  </testcase> <!-- verify_footer_url -->
  <testcase name="verify_footer_url" time="0.0" classname="com.shine.tests.Test_FooterURL">
    <skipped/>
  </testcase> <!-- verify_footer_url -->
  <testcase name="verify_footer_url" time="0.0" classname="com.shine.tests.Test_FooterURL">
    <skipped/>
  </testcase> <!-- verify_footer_url -->
  <testcase name="verify_footer_url" time="0.0" classname="com.shine.tests.Test_FooterURL">
    <skipped/>
  </testcase> <!-- verify_footer_url -->
  <testcase name="verify_footer_url" time="0.0" classname="com.shine.tests.Test_FooterURL">
    <skipped/>
  </testcase> <!-- verify_footer_url -->
  <testcase name="verify_footer_url" time="0.0" classname="com.shine.tests.Test_FooterURL">
    <skipped/>
  </testcase> <!-- verify_footer_url -->
  <testcase name="verify_footer_url" time="0.0" classname="com.shine.tests.Test_FooterURL">
    <skipped/>
  </testcase> <!-- verify_footer_url -->
  <testcase name="verify_footer_url" time="0.0" classname="com.shine.tests.Test_FooterURL">
    <skipped/>
  </testcase> <!-- verify_footer_url -->
  <testcase name="verify_footer_redirect_url" time="0.0" classname="com.shine.tests.Test_FooterURL">
    <skipped/>
  </testcase> <!-- verify_footer_redirect_url -->
  <testcase name="verify_footer_redirect_url" time="0.0" classname="com.shine.tests.Test_FooterURL">
    <skipped/>
  </testcase> <!-- verify_footer_redirect_url -->
  <testcase name="verify_footer_redirect_url" time="0.0" classname="com.shine.tests.Test_FooterURL">
    <skipped/>
  </testcase> <!-- verify_footer_redirect_url -->
  <testcase name="verify_footer_redirect_url" time="0.0" classname="com.shine.tests.Test_FooterURL">
    <skipped/>
  </testcase> <!-- verify_footer_redirect_url -->
  <testcase name="verify_footer_redirect_url" time="0.0" classname="com.shine.tests.Test_FooterURL">
    <skipped/>
  </testcase> <!-- verify_footer_redirect_url -->
  <testcase name="verify_footer_redirect_url" time="0.0" classname="com.shine.tests.Test_FooterURL">
    <skipped/>
  </testcase> <!-- verify_footer_redirect_url -->
  <testcase name="verify_footer_redirect_url" time="0.0" classname="com.shine.tests.Test_FooterURL">
    <skipped/>
  </testcase> <!-- verify_footer_redirect_url -->
  <testcase name="verify_footer_redirect_url" time="0.0" classname="com.shine.tests.Test_FooterURL">
    <skipped/>
  </testcase> <!-- verify_footer_redirect_url -->
  <testcase name="login" time="0.0" classname="com.shine.tests.Test_FooterURL">
    <skipped/>
  </testcase> <!-- login -->
  <testcase name="verify_loggedin_footer_url" time="0.0" classname="com.shine.tests.Test_FooterURL">
    <skipped/>
  </testcase> <!-- verify_loggedin_footer_url -->
  <testcase name="verify_loggedin_footer_redirect_url" time="0.0" classname="com.shine.tests.Test_FooterURL">
    <skipped/>
  </testcase> <!-- verify_loggedin_footer_redirect_url -->
</testsuite> <!-- Footer URL Test -->
