<?xml version="1.0" encoding="UTF-8"?>
<!-- Generated by org.testng.reporters.JUnitXMLReporter -->
<testsuite hostname="admins-MacBook-Pro.local" ignored="0" name="Verify JD JSRP Session Storage" tests="2" failures="0" timestamp="11 Mar 2020 16:33:53 GMT" time="0.007" errors="0">
  <testcase name="@BeforeClass TestSetup" time="0.003" classname="com.shine.tests.Test_JSRP_JD_SaveUrl">
    <failure type="java.lang.RuntimeException" message="Unable to find a free port">
      <![CDATA[java.lang.RuntimeException: Unable to find a free port
at org.openqa.selenium.net.PortProber.findFreePort(PortProber.java:67)
at org.openqa.selenium.remote.service.DriverService$Builder.build(DriverService.java:351)
at org.openqa.selenium.chrome.ChromeDriverService.createDefaultService(ChromeDriverService.java:94)
at com.shine.base.TestBaseSetup.initChromeDriver(TestBaseSetup.java:264)
at com.shine.base.TestBaseSetup.setDriver(TestBaseSetup.java:145)
at com.shine.base.TestBaseSetup.getDriver(TestBaseSetup.java:121)
at com.shine.tests.Test_JSRP_JD_SaveUrl.TestSetup(Test_JSRP_JD_SaveUrl.java:24)
... Removed 31 stack frames]]>
    </failure>
  </testcase> <!-- @BeforeClass TestSetup -->
  <testcase name="verify_JSRPSaveData" time="0.0" classname="com.shine.tests.Test_JSRP_JD_SaveUrl">
    <skipped/>
  </testcase> <!-- verify_JSRPSaveData -->
  <testcase name="verify_JDSaveData" time="0.0" classname="com.shine.tests.Test_JSRP_JD_SaveUrl">
    <skipped/>
  </testcase> <!-- verify_JDSaveData -->
</testsuite> <!-- Verify JD JSRP Session Storage -->
