<?xml version="1.0" encoding="UTF-8"?>
<!-- Generated by org.testng.reporters.JUnitXMLReporter -->
<testsuite hostname="admins-MacBook-Pro.local" ignored="0" name="Verify Default Resume apply" tests="2" failures="0" timestamp="11 Mar 2020 16:35:18 GMT" time="0.005" errors="0">
  <testcase name="@BeforeClass TestSetup" time="0.002" classname="com.shine.tests.Test_VerifyResume">
    <failure type="java.lang.RuntimeException" message="Unable to find a free port">
      <![CDATA[java.lang.RuntimeException: Unable to find a free port
at org.openqa.selenium.net.PortProber.findFreePort(PortProber.java:67)
at org.openqa.selenium.remote.service.DriverService$Builder.build(DriverService.java:351)
at org.openqa.selenium.chrome.ChromeDriverService.createDefaultService(ChromeDriverService.java:94)
at com.shine.base.TestBaseSetup.initChromeDriver(TestBaseSetup.java:264)
at com.shine.base.TestBaseSetup.setDriver(TestBaseSetup.java:145)
at com.shine.base.TestBaseSetup.getDriver(TestBaseSetup.java:121)
at com.shine.tests.Test_VerifyResume.TestSetup(Test_VerifyResume.java:36)
... Removed 31 stack frames]]>
    </failure>
  </testcase> <!-- @BeforeClass TestSetup -->
  <testcase name="get_previous_default_resume" time="0.0" classname="com.shine.tests.Test_VerifyResume">
    <skipped/>
  </testcase> <!-- get_previous_default_resume -->
  <testcase name="apply_with_different_resume" time="0.0" classname="com.shine.tests.Test_VerifyResume">
    <skipped/>
  </testcase> <!-- apply_with_different_resume -->
</testsuite> <!-- Verify Default Resume apply -->
