<?xml version="1.0" encoding="UTF-8"?>
<!-- Generated by org.testng.reporters.JUnitXMLReporter -->
<testsuite hostname="admins-MacBook-Pro.local" ignored="0" name="Related Faq" tests="36" failures="0" timestamp="2019-11-27T14:09:57 IST" time="0.032" errors="0">
  <testcase name="test_OpenAccountSettings" time="0.0" classname="com.shine.tests.Test_AccountSettings">
    <skipped/>
  </testcase> <!-- test_OpenAccountSettings -->
  <testcase name="open_revival_flow_url" time="0.0" classname="com.shine.tests.Test_RevivalFlow">
    <skipped/>
  </testcase> <!-- open_revival_flow_url -->
  <testcase name="test_contractual_jobs" time="0.0" classname="com.shine.tests.Test_SimilarJob">
    <skipped/>
  </testcase> <!-- test_contractual_jobs -->
  <testcase name="open_revival_flow_popup" time="0.0" classname="com.shine.tests.Test_RevivalFlow">
    <skipped/>
  </testcase> <!-- open_revival_flow_popup -->
  <testcase name="verify_contractual_job_jd" time="0.0" classname="com.shine.tests.Test_SimilarJob">
    <skipped/>
  </testcase> <!-- verify_contractual_job_jd -->
  <testcase name="open_related_faq" time="0.0" classname="com.shine.tests.Test_RelatedFaq">
    <skipped/>
  </testcase> <!-- open_related_faq -->
  <testcase name="fill_registration_page_1" time="0.0" classname="com.shine.tests.Test_MidoutFlow">
    <skipped/>
  </testcase> <!-- fill_registration_page_1 -->
  <testcase name="test_internship_jobs" time="0.0" classname="com.shine.tests.Test_SimilarJob">
    <skipped/>
  </testcase> <!-- test_internship_jobs -->
  <testcase name="verify_internship_job_jd" time="0.0" classname="com.shine.tests.Test_SimilarJob">
    <skipped/>
  </testcase> <!-- verify_internship_job_jd -->
  <testcase name="verify_related_faq_quest" time="0.0" classname="com.shine.tests.Test_RelatedFaq">
    <skipped/>
  </testcase> <!-- verify_related_faq_quest -->
  <testcase name="test_wfh_job_jobs" time="0.0" classname="com.shine.tests.Test_SimilarJob">
    <skipped/>
  </testcase> <!-- test_wfh_job_jobs -->
  <testcase name="verify_wfh_job_jd" time="0.0" classname="com.shine.tests.Test_SimilarJob">
    <skipped/>
  </testcase> <!-- verify_wfh_job_jd -->
  <testcase name="select_salart_from_frop_down" time="0.0" classname="com.shine.tests.Test_RevivalFlow">
    <skipped/>
  </testcase> <!-- select_salart_from_frop_down -->
  <testcase name="verify_loggedin_contractual_job_jd" time="0.0" classname="com.shine.tests.Test_SimilarJob">
    <skipped/>
  </testcase> <!-- verify_loggedin_contractual_job_jd -->
  <testcase name="verify_access_home_page" time="0.0" classname="com.shine.tests.Test_MidoutFlow">
    <skipped/>
  </testcase> <!-- verify_access_home_page -->
  <testcase name="verify_loggedin_contractual_job_jd_similar_jobs" time="0.0" classname="com.shine.tests.Test_SimilarJob">
    <skipped/>
  </testcase> <!-- verify_loggedin_contractual_job_jd_similar_jobs -->
  <testcase name="verify_linkedin_login_cancel" time="0.0" classname="com.shine.tests.Test_SocialLogin">
    <skipped/>
  </testcase> <!-- verify_linkedin_login_cancel -->
  <testcase name="verify_access_search_page" time="0.0" classname="com.shine.tests.Test_MidoutFlow">
    <skipped/>
  </testcase> <!-- verify_access_search_page -->
  <testcase name="verify_change_password_button" time="0.0" classname="com.shine.tests.Test_AccountSettings">
    <skipped/>
  </testcase> <!-- verify_change_password_button -->
  <testcase name="select_experience_from_frop_down" time="0.0" classname="com.shine.tests.Test_RevivalFlow">
    <skipped/>
  </testcase> <!-- select_experience_from_frop_down -->
  <testcase name="verify_linkedin_login" time="0.0" classname="com.shine.tests.Test_SocialLogin">
    <skipped/>
  </testcase> <!-- verify_linkedin_login -->
  <testcase name="verify_access_profile_page" time="0.0" classname="com.shine.tests.Test_MidoutFlow">
    <skipped/>
  </testcase> <!-- verify_access_profile_page -->
  <testcase name="verify_access_inbox" time="0.0" classname="com.shine.tests.Test_MidoutFlow">
    <skipped/>
  </testcase> <!-- verify_access_inbox -->
  <testcase name="verify_new_password_validation" time="0.0" classname="com.shine.tests.Test_AccountSettings">
    <skipped/>
  </testcase> <!-- verify_new_password_validation -->
  <testcase name="verify_confirm_password_validation" time="0.0" classname="com.shine.tests.Test_AccountSettings">
    <skipped/>
  </testcase> <!-- verify_confirm_password_validation -->
  <testcase name="verify_old_password_validation" time="0.0" classname="com.shine.tests.Test_AccountSettings">
    <skipped/>
  </testcase> <!-- verify_old_password_validation -->
  <testcase name="enter_company_name" time="0.0" classname="com.shine.tests.Test_RevivalFlow">
    <skipped/>
  </testcase> <!-- enter_company_name -->
  <testcase name="verify_loggedin_internship_job_jd" time="0.0" classname="com.shine.tests.Test_SimilarJob">
    <skipped/>
  </testcase> <!-- verify_loggedin_internship_job_jd -->
  <testcase name="verify_change_password" time="0.0" classname="com.shine.tests.Test_AccountSettings">
    <skipped/>
  </testcase> <!-- verify_change_password -->
  <testcase name="verify_access_account_setting" time="0.0" classname="com.shine.tests.Test_MidoutFlow">
    <skipped/>
  </testcase> <!-- verify_access_account_setting -->
  <testcase name="verify_loggedin_internship_job_jd_similar_jobs" time="0.0" classname="com.shine.tests.Test_SimilarJob">
    <skipped/>
  </testcase> <!-- verify_loggedin_internship_job_jd_similar_jobs -->
  <testcase name="test_OpenAccountSettings_URL" time="0.0" classname="com.shine.tests.Test_AccountSettings">
    <skipped/>
  </testcase> <!-- test_OpenAccountSettings_URL -->
  <testcase name="verify_loggein_wfh_job_jd" time="0.0" classname="com.shine.tests.Test_SimilarJob">
    <skipped/>
  </testcase> <!-- verify_loggein_wfh_job_jd -->
  <testcase name="verify_loggedin_wfh_job_jd_similar_jobs" time="0.0" classname="com.shine.tests.Test_SimilarJob">
    <skipped/>
  </testcase> <!-- verify_loggedin_wfh_job_jd_similar_jobs -->
  <testcase name="enter_job_title" time="0.0" classname="com.shine.tests.Test_RevivalFlow">
    <skipped/>
  </testcase> <!-- enter_job_title -->
  <testcase name="verify_mo2_access_jsrp" time="0.0" classname="com.shine.tests.Test_MidoutFlow">
    <skipped/>
  </testcase> <!-- verify_mo2_access_jsrp -->
</testsuite> <!-- Related Faq -->
