<?xml version="1.0" encoding="UTF-8"?>
<!-- Generated by org.testng.reporters.JUnitXMLReporter -->
<testsuite hostname="admins-MacBook-Pro.local" ignored="0" name="Shine Emailers" tests="73" failures="0" timestamp="2019-11-27T14:09:16 IST" time="0.516" errors="0">
  <testcase name="@BeforeClass TestSetup" time="0.006" classname="com.shine.tests.Test_UpdateFlow">
    <failure type="java.lang.IllegalStateException" message="The driver executable does not exist: /Users/manvi/selenium_driver/chromedriver1">
      <![CDATA[java.lang.IllegalStateException: The driver executable does not exist: /Users/manvi/selenium_driver/chromedriver1
at com.google.common.base.Preconditions.checkState(Preconditions.java:534)
at org.openqa.selenium.remote.service.DriverService.checkExecutable(DriverService.java:146)
at org.openqa.selenium.remote.service.DriverService.findExecutable(DriverService.java:141)
at org.openqa.selenium.chrome.ChromeDriverService.access$000(ChromeDriverService.java:35)
at org.openqa.selenium.chrome.ChromeDriverService$Builder.findDefaultExecutable(ChromeDriverService.java:159)
at org.openqa.selenium.remote.service.DriverService$Builder.build(DriverService.java:355)
at org.openqa.selenium.chrome.ChromeDriverService.createDefaultService(ChromeDriverService.java:94)
at com.shine.base.TestBaseSetup.initChromeDriver(TestBaseSetup.java:262)
at com.shine.base.TestBaseSetup.setDriver(TestBaseSetup.java:143)
at com.shine.base.TestBaseSetup.getDriver(TestBaseSetup.java:119)
at com.shine.tests.Test_UpdateFlow.TestSetup(Test_UpdateFlow.java:54)
at sun.reflect.NativeMethodAccessorImpl.invoke0(Native Method)
at sun.reflect.NativeMethodAccessorImpl.invoke(NativeMethodAccessorImpl.java:62)
at sun.reflect.DelegatingMethodAccessorImpl.invoke(DelegatingMethodAccessorImpl.java:43)
at java.lang.reflect.Method.invoke(Method.java:498)
at org.testng.internal.MethodInvocationHelper.invokeMethod(MethodInvocationHelper.java:133)
at org.testng.internal.MethodInvocationHelper.invokeMethodConsideringTimeout(MethodInvocationHelper.java:62)
at org.testng.internal.ConfigInvoker.invokeConfigurationMethod(ConfigInvoker.java:340)
at org.testng.internal.ConfigInvoker.invokeConfigurations(ConfigInvoker.java:294)
at org.testng.internal.TestMethodWorker.invokeBeforeClassMethods(TestMethodWorker.java:176)
at org.testng.internal.TestMethodWorker.run(TestMethodWorker.java:122)
at java.util.ArrayList.forEach(ArrayList.java:1257)
at org.testng.TestRunner.privateRun(TestRunner.java:770)
at org.testng.TestRunner.run(TestRunner.java:591)
at org.testng.SuiteRunner.runTest(SuiteRunner.java:402)
at org.testng.SuiteRunner.runSequentially(SuiteRunner.java:396)
at org.testng.SuiteRunner.privateRun(SuiteRunner.java:355)
at org.testng.SuiteRunner.run(SuiteRunner.java:304)
at org.testng.SuiteRunnerWorker.runSuite(SuiteRunnerWorker.java:53)
at org.testng.SuiteRunnerWorker.run(SuiteRunnerWorker.java:96)
at org.testng.TestNG.runSuitesSequentially(TestNG.java:1180)
at org.testng.TestNG.runSuitesSequentially(TestNG.java:1175)
at org.testng.TestNG.runSuitesSequentially(TestNG.java:1175)
at org.testng.TestNG.runSuitesLocally(TestNG.java:1102)
at org.testng.TestNG.runSuites(TestNG.java:1032)
at org.testng.TestNG.run(TestNG.java:1000)
at org.testng.remote.AbstractRemoteTestNG.run(AbstractRemoteTestNG.java:115)
at org.testng.remote.RemoteTestNG.initAndRun(RemoteTestNG.java:251)
at org.testng.remote.RemoteTestNG.main(RemoteTestNG.java:77)
]]>
    </failure>
  </testcase> <!-- @BeforeClass TestSetup -->
  <testcase name="verify_footer_url" time="0.0" classname="com.shine.tests.Test_FooterURL">
    <skipped/>
  </testcase> <!-- verify_footer_url -->
  <testcase name="open_RegistrationPage" time="0.0" classname="com.shine.tests.Test_CreateBadProfile">
    <skipped/>
  </testcase> <!-- open_RegistrationPage -->
  <testcase name="open_verify_email_link_on_mailinator" time="0.0" classname="com.shine.tests.Test_VerifyEmailLink">
    <skipped/>
  </testcase> <!-- open_verify_email_link_on_mailinator -->
  <testcase name="test_Inbox_Tabs" time="0.0" classname="com.shine.tests.Test_Inbox">
    <skipped/>
  </testcase> <!-- test_Inbox_Tabs -->
  <testcase name="test_resume_download" time="0.0" classname="com.shine.tests.Test_ResumeDownload">
    <skipped/>
  </testcase> <!-- test_resume_download -->
  <testcase name="verify_edit_desired_job" time="0.0" classname="com.shine.tests.Test_DesiredJobDetails">
    <skipped/>
  </testcase> <!-- verify_edit_desired_job -->
  <testcase name="testInboxJobAlerts" time="0.0" classname="com.shine.tests.Test_Inbox">
    <skipped/>
  </testcase> <!-- testInboxJobAlerts -->
  <testcase name="verify_email_link_on_profile" time="0.0" classname="com.shine.tests.Test_VerifyEmailLink">
    <skipped/>
  </testcase> <!-- verify_email_link_on_profile -->
  <testcase name="verify_footer_url" time="0.0" classname="com.shine.tests.Test_FooterURL">
    <skipped/>
  </testcase> <!-- verify_footer_url -->
  <testcase name="verify_resume_download" time="0.0" classname="com.shine.tests.Test_ResumeDownload">
    <skipped/>
  </testcase> <!-- verify_resume_download -->
  <testcase name="testInboxRecruiterEmails" time="0.0" classname="com.shine.tests.Test_Inbox">
    <skipped/>
  </testcase> <!-- testInboxRecruiterEmails -->
  <testcase name="registrationStep1" time="0.0" classname="com.shine.tests.Test_CreateBadProfile">
    <skipped/>
  </testcase> <!-- registrationStep1 -->
  <testcase name="verify_edit_desired_job_location" time="0.0" classname="com.shine.tests.Test_DesiredJobDetails">
    <skipped/>
  </testcase> <!-- verify_edit_desired_job_location -->
  <testcase name="verify_footer_url" time="0.0" classname="com.shine.tests.Test_FooterURL">
    <skipped/>
  </testcase> <!-- verify_footer_url -->
  <testcase name="open_recent_search" time="0.0" classname="com.shine.tests.Test_PremiumJobs">
    <skipped/>
  </testcase> <!-- open_recent_search -->
  <testcase name="verify_edit_desired_fa" time="0.0" classname="com.shine.tests.Test_DesiredJobDetails">
    <skipped/>
  </testcase> <!-- verify_edit_desired_fa -->
  <testcase name="read_word_file" time="0.0" classname="com.shine.tests.Test_ResumeDownload">
    <skipped/>
  </testcase> <!-- read_word_file -->
  <testcase name="multiple_apply_case_1" time="0.0" classname="com.shine.tests.Test_JobApply">
    <skipped/>
  </testcase> <!-- multiple_apply_case_1 -->
  <testcase name="registrationStep2" time="0.0" classname="com.shine.tests.Test_CreateBadProfile">
    <skipped/>
  </testcase> <!-- registrationStep2 -->
  <testcase name="verify_footer_url" time="0.0" classname="com.shine.tests.Test_FooterURL">
    <skipped/>
  </testcase> <!-- verify_footer_url -->
  <testcase name="verify_premium_job" time="0.0" classname="com.shine.tests.Test_PremiumJobs">
    <skipped/>
  </testcase> <!-- verify_premium_job -->
  <testcase name="verify_edit_desired_industry" time="0.0" classname="com.shine.tests.Test_DesiredJobDetails">
    <skipped/>
  </testcase> <!-- verify_edit_desired_industry -->
  <testcase name="multiple_apply_case_2" time="0.0" classname="com.shine.tests.Test_JobApply">
    <skipped/>
  </testcase> <!-- multiple_apply_case_2 -->
  <testcase name="match_word_file_byte_codes" time="0.0" classname="com.shine.tests.Test_ResumeDownload">
    <skipped/>
  </testcase> <!-- match_word_file_byte_codes -->
  <testcase name="verify_footer_url" time="0.0" classname="com.shine.tests.Test_FooterURL">
    <skipped/>
  </testcase> <!-- verify_footer_url -->
  <testcase name="upload_resume" time="0.0" classname="com.shine.tests.Test_CreateBadProfile">
    <skipped/>
  </testcase> <!-- upload_resume -->
  <testcase name="testPostedDateonJDpage" time="0.0" classname="com.shine.tests.Test_JobApply">
    <skipped/>
  </testcase> <!-- testPostedDateonJDpage -->
  <testcase name="verify_premium_job" time="0.0" classname="com.shine.tests.Test_PremiumJobs">
    <skipped/>
  </testcase> <!-- verify_premium_job -->
  <testcase name="verify_edit_desired_salary" time="0.0" classname="com.shine.tests.Test_DesiredJobDetails">
    <skipped/>
  </testcase> <!-- verify_edit_desired_salary -->
  <testcase name="verify_footer_url" time="0.0" classname="com.shine.tests.Test_FooterURL">
    <skipped/>
  </testcase> <!-- verify_footer_url -->
  <testcase name="upload_resume_greater_than_5mb" time="0.0" classname="com.shine.tests.Test_ResumeFileValidation">
    <skipped/>
  </testcase> <!-- upload_resume_greater_than_5mb -->
  <testcase name="verify_block_recruiter_email_link" time="0.0" classname="com.shine.tests.Test_EmailUrlFlow">
    <skipped/>
  </testcase> <!-- verify_block_recruiter_email_link -->
  <testcase name="testApplyFromJDpage" time="0.0" classname="com.shine.tests.Test_JobApply">
    <skipped/>
  </testcase> <!-- testApplyFromJDpage -->
  <testcase name="verify_jd_premium_job_logo" time="0.0" classname="com.shine.tests.Test_PremiumJobs">
    <skipped/>
  </testcase> <!-- verify_jd_premium_job_logo -->
  <testcase name="verify_edit_desired_Job_type" time="0.0" classname="com.shine.tests.Test_DesiredJobDetails">
    <skipped/>
  </testcase> <!-- verify_edit_desired_Job_type -->
  <testcase name="verify_footer_url" time="0.0" classname="com.shine.tests.Test_FooterURL">
    <skipped/>
  </testcase> <!-- verify_footer_url -->
  <testcase name="upload_excel_file" time="0.0" classname="com.shine.tests.Test_ResumeFileValidation">
    <skipped/>
  </testcase> <!-- upload_excel_file -->
  <testcase name="testOpenAppliedJobs" time="0.0" classname="com.shine.tests.Test_JobApply">
    <skipped/>
  </testcase> <!-- testOpenAppliedJobs -->
  <testcase name="verify_jobalert_email_link" time="0.0" classname="com.shine.tests.Test_EmailUrlFlow">
    <skipped/>
  </testcase> <!-- verify_jobalert_email_link -->
  <testcase name="verify_premium_job_in_login" time="0.0" classname="com.shine.tests.Test_PremiumJobs">
    <skipped/>
  </testcase> <!-- verify_premium_job_in_login -->
  <testcase name="verify_edit_desired_shift_type" time="0.0" classname="com.shine.tests.Test_DesiredJobDetails">
    <skipped/>
  </testcase> <!-- verify_edit_desired_shift_type -->
  <testcase name="upload_html_file" time="0.0" classname="com.shine.tests.Test_ResumeFileValidation">
    <skipped/>
  </testcase> <!-- upload_html_file -->
  <testcase name="testJsrpPage1ApplyOneJob" time="0.0" classname="com.shine.tests.Test_JobApply">
    <skipped/>
  </testcase> <!-- testJsrpPage1ApplyOneJob -->
  <testcase name="verify_account_setting_email_link" time="0.0" classname="com.shine.tests.Test_EmailUrlFlow">
    <skipped/>
  </testcase> <!-- verify_account_setting_email_link -->
  <testcase name="verify_footer_url" time="0.0" classname="com.shine.tests.Test_FooterURL">
    <skipped/>
  </testcase> <!-- verify_footer_url -->
  <testcase name="verify_jd_premium_job_logo_in_login" time="0.0" classname="com.shine.tests.Test_PremiumJobs">
    <skipped/>
  </testcase> <!-- verify_jd_premium_job_logo_in_login -->
  <testcase name="upload_jpg_image_file" time="0.0" classname="com.shine.tests.Test_ResumeFileValidation">
    <skipped/>
  </testcase> <!-- upload_jpg_image_file -->
  <testcase name="verify_account_privacy_status_email_link" time="0.0" classname="com.shine.tests.Test_EmailUrlFlow">
    <skipped/>
  </testcase> <!-- verify_account_privacy_status_email_link -->
  <testcase name="verify_save_desired_job" time="0.0" classname="com.shine.tests.Test_DesiredJobDetails">
    <skipped/>
  </testcase> <!-- verify_save_desired_job -->
  <testcase name="verify_email_urls" time="0.0" classname="com.shine.tests.Test_Emailers">
    <skipped/>
  </testcase> <!-- verify_email_urls -->
  <testcase name="test_SimilarJobApply" time="0.0" classname="com.shine.tests.Test_JobApply">
    <skipped/>
  </testcase> <!-- test_SimilarJobApply -->
  <testcase name="upload_file_without_extension" time="0.0" classname="com.shine.tests.Test_ResumeFileValidation">
    <skipped/>
  </testcase> <!-- upload_file_without_extension -->
  <testcase name="verify_email_link" time="0.0" classname="com.shine.tests.Test_EmailUrlFlow">
    <skipped/>
  </testcase> <!-- verify_email_link -->
  <testcase name="verify_desired_job" time="0.0" classname="com.shine.tests.Test_DesiredJobDetails">
    <skipped/>
  </testcase> <!-- verify_desired_job -->
  <testcase name="verify_desired_job_location_api" time="0.0" classname="com.shine.tests.Test_DesiredJobDetails">
    <skipped/>
  </testcase> <!-- verify_desired_job_location_api -->
  <testcase name="test_JD_SendMeSimilarJobLink" time="0.0" classname="com.shine.tests.Test_JobApply">
    <skipped/>
  </testcase> <!-- test_JD_SendMeSimilarJobLink -->
  <testcase name="verify_footer_redirect_url" time="0.0" classname="com.shine.tests.Test_FooterURL">
    <skipped/>
  </testcase> <!-- verify_footer_redirect_url -->
  <testcase name="testLoggedOutApply" time="0.0" classname="com.shine.tests.Test_JobApply">
    <skipped/>
  </testcase> <!-- testLoggedOutApply -->
  <testcase name="verify_desired_fa_api" time="0.0" classname="com.shine.tests.Test_DesiredJobDetails">
    <skipped/>
  </testcase> <!-- verify_desired_fa_api -->
  <testcase name="verify_footer_redirect_url" time="0.0" classname="com.shine.tests.Test_FooterURL">
    <skipped/>
  </testcase> <!-- verify_footer_redirect_url -->
  <testcase name="verify_footer_redirect_url" time="0.0" classname="com.shine.tests.Test_FooterURL">
    <skipped/>
  </testcase> <!-- verify_footer_redirect_url -->
  <testcase name="verify_desired_industry_api" time="0.0" classname="com.shine.tests.Test_DesiredJobDetails">
    <skipped/>
  </testcase> <!-- verify_desired_industry_api -->
  <testcase name="verify_desired_salary_api" time="0.0" classname="com.shine.tests.Test_DesiredJobDetails">
    <skipped/>
  </testcase> <!-- verify_desired_salary_api -->
  <testcase name="verify_footer_redirect_url" time="0.0" classname="com.shine.tests.Test_FooterURL">
    <skipped/>
  </testcase> <!-- verify_footer_redirect_url -->
  <testcase name="verify_footer_redirect_url" time="0.0" classname="com.shine.tests.Test_FooterURL">
    <skipped/>
  </testcase> <!-- verify_footer_redirect_url -->
  <testcase name="verify_desired_Job_type_api" time="0.0" classname="com.shine.tests.Test_DesiredJobDetails">
    <skipped/>
  </testcase> <!-- verify_desired_Job_type_api -->
  <testcase name="verify_footer_redirect_url" time="0.0" classname="com.shine.tests.Test_FooterURL">
    <skipped/>
  </testcase> <!-- verify_footer_redirect_url -->
  <testcase name="verify_desired_shift_type_api" time="0.0" classname="com.shine.tests.Test_DesiredJobDetails">
    <skipped/>
  </testcase> <!-- verify_desired_shift_type_api -->
  <testcase name="verify_footer_redirect_url" time="0.0" classname="com.shine.tests.Test_FooterURL">
    <skipped/>
  </testcase> <!-- verify_footer_redirect_url -->
  <testcase name="verify_footer_redirect_url" time="0.0" classname="com.shine.tests.Test_FooterURL">
    <skipped/>
  </testcase> <!-- verify_footer_redirect_url -->
  <testcase name="login" time="0.0" classname="com.shine.tests.Test_FooterURL">
    <skipped/>
  </testcase> <!-- login -->
  <testcase name="verify_loggedin_footer_url" time="0.001" classname="com.shine.tests.Test_FooterURL">
    <skipped/>
  </testcase> <!-- verify_loggedin_footer_url -->
  <testcase name="verify_loggedin_footer_redirect_url" time="0.0" classname="com.shine.tests.Test_FooterURL">
    <skipped/>
  </testcase> <!-- verify_loggedin_footer_redirect_url -->
</testsuite> <!-- Shine Emailers -->
