<?xml version="1.0" encoding="UTF-8"?>
<!-- Generated by org.testng.reporters.JUnitXMLReporter -->
<testsuite hostname="admins-MacBook-Pro.local" ignored="0" name="Verify Desired Job Details" tests="2" failures="0" timestamp="2019-11-27T14:09:17 IST" time="22.547" errors="0">
  <testcase name="verify_loggedin_footer_url" time="0.001" classname="com.shine.tests.Test_FooterURL">
    <skipped/>
  </testcase> <!-- verify_loggedin_footer_url -->
  <testcase name="verify_loggedin_footer_redirect_url" time="0.0" classname="com.shine.tests.Test_FooterURL">
    <skipped/>
  </testcase> <!-- verify_loggedin_footer_redirect_url -->
</testsuite> <!-- Verify Desired Job Details -->
